<?xml version="1.0" encoding="UTF-8"?>
<testsuite name="JUnit Jupiter" tests="3" skipped="0" failures="1" errors="0" time="37.945" hostname="ip-10-0-51-74" timestamp="2024-10-11T19:29:58">
<properties>
[...]
</properties>
<testcase name="it_tests_sources_V5(String, MethodDescriptor, TagRanges, RequestBodyType, MQConsumer, HTTPEndpoint, OkHttpClient)[1]" classname="com.contrastsecurity.agent.test.assess.spring.async.SpringWebFluxIT$V5_1" time="15.21">
<classifications><classification implementation="spring-webflux-5.1.19.RELEASE" use-case="Assess - Dataflow - HTTP Sources" stack="Spring Boot 2.1" contrast-agent-version="6.10.1.126" unique-id="[engine:junit-jupiter]/[class:com.contrastsecurity.agent.test.assess.spring.async.SpringWebFluxIT$V5_1]/[test-template:it_tests_sources_V5(java.lang.String, com.contrastsecurity.agent.test.assertions.MethodDescriptor, com.contrastsecurity.agent.test.assertions.TagRanges, com.contrastsecurity.agent.test.assess.spring.async.SpringWebFluxIT$RequestBodyType, com.contrastsecurity.agent.test.junit.containers.MQConsumer, com.contrastsecurity.agent.test.junit.containers.HTTPEndpoint, okhttp3.OkHttpClient)]/[test-template-invocation:#1]"/></classifications>
<system-out><![CDATA[
unique-id: [engine:junit-jupiter]/[class:com.contrastsecurity.agent.test.assess.spring.async.SpringWebFluxIT$V5_1]/[test-template:it_tests_sources_V5(java.lang.String, com.contrastsecurity.agent.test.assertions.MethodDescriptor, com.contrastsecurity.agent.test.assertions.TagRanges, com.contrastsecurity.agent.test.assess.spring.async.SpringWebFluxIT$RequestBodyType, com.contrastsecurity.agent.test.junit.containers.MQConsumer, com.contrastsecurity.agent.test.junit.containers.HTTPEndpoint, okhttp3.OkHttpClient)]/[test-template-invocation:#1]
display-name: [1] requestHeader, MethodDescriptor{anyArgs=false, isLambda=false, isProxy=false, classNames=[io.netty.handler.codec.http.DefaultHttpHeaders], methodName=getAll, argTypes=[java.lang.CharSequence]}, 0:9, PLAIN
Report Entry #1 (timestamp: 2024-10-11T19:29:53.595360135)
	- classification-use-case: Assess - Dataflow - HTTP Sources
Report Entry #2 (timestamp: 2024-10-11T19:29:53.597754858)
	- java-agent-version: 6.10.1.126
Report Entry #3 (timestamp: 2024-10-11T19:29:53.5988951)
	- classification-implementation: spring-webflux-5.1.19.RELEASE
Report Entry #4 (timestamp: 2024-10-11T19:29:53.600002691)
	- classification-stack: Spring Boot 2.1
Found vulnerabilities:
VulnerabilityDTM{hash=2566606626, ruleId='path-traversal', evidence='null', request=HttpRequestDTM{body='null', contextPath='/', headers={Accept-Encoding=[gzip], Connection=[Keep-Alive], Content-Length=[11], Content-Type=[plain/text; charset=utf-8], contrast-mq-name=[-00000-SpringWebFluxIT.it_tests_sources_V5], cookie=[cookie=cookieVal], header=[headerVal], Host=[localhost:35728], User-Agent=[okhttp/4.9.1]}, method='POST', standardNormalizedUri='/sources/v5_0/requestHeader', parameters={requestParam=[foo]}, port=8080, protocol=http, queryString='requestParam=foo', serverVersionInfo='null', uri='/sources/v5_0/requestHeader', version=HTTP/1.1}, properties={entrypointType=HTTP, entrypointSignature=com.contrastsecurity.testapp.v5.PolicyController$SourceEndpoints.header(java.lang.String)}, events=[
	--> EventDTM{action=CREATION, type=PROPAGATION, tags=untrusted, taintRanges=[EventTaintRangeDTM{tag=untrusted, range='0:9'}], signature=EventSignatureDTM{returnType='java.util.List', className='io.netty.handler.codec.http.DefaultHttpHeaders', methodName='getAll', argTypes=[java.lang.CharSequence]}}, 
	--> EventDTM{action=TRIGGER, type=METHOD, tags=, taintRanges=[EventTaintRangeDTM{tag=untrusted, range='0:9'}], signature=EventSignatureDTM{returnType='void', className='java.io.File', methodName='<init>', argTypes=[java.lang.String]}}]}
VulnerabilityDTM{hash=1470985640, ruleId='cache-controls-missing', evidence='null', request=HttpRequestDTM{body='null', contextPath='/', headers={Accept-Encoding=[gzip], Connection=[Keep-Alive], Content-Length=[11], Content-Type=[plain/text; charset=utf-8], contrast-mq-name=[-00000-SpringWebFluxIT.it_tests_sources_V5], cookie=[cookie=cookieVal], header=[headerVal], Host=[localhost:35728], User-Agent=[okhttp/4.9.1]}, method='POST', standardNormalizedUri='/sources/v5_0/requestHeader', parameters={requestParam=[foo]}, port=8080, protocol=http, queryString='requestParam=foo', serverVersionInfo='null', uri='/sources/v5_0/requestHeader', version=HTTP/1.1}, properties={data=[], entrypointType=HTTP, entrypointSignature=com.contrastsecurity.testapp.v5.PolicyController$SourceEndpoints.header(java.lang.String)}, events=[]}
VulnerabilityDTM{hash=3493426682, ruleId='clickjacking-control-missing', evidence='null', request=HttpRequestDTM{body='null', contextPath='/', headers={Accept-Encoding=[gzip], Connection=[Keep-Alive], Content-Length=[11], Content-Type=[plain/text; charset=utf-8], contrast-mq-name=[-00000-SpringWebFluxIT.it_tests_sources_V5], cookie=[cookie=cookieVal], header=[headerVal], Host=[localhost:35728], User-Agent=[okhttp/4.9.1]}, method='POST', standardNormalizedUri='/sources/v5_0/requestHeader', parameters={requestParam=[foo]}, port=8080, protocol=http, queryString='requestParam=foo', serverVersionInfo='null', uri='/sources/v5_0/requestHeader', version=HTTP/1.1}, properties={data=, entrypointType=HTTP, entrypointSignature=com.contrastsecurity.testapp.v5.PolicyController$SourceEndpoints.header(java.lang.String)}, events=[]}
VulnerabilityDTM{hash=972325486, ruleId='csp-header-insecure', evidence='null', request=HttpRequestDTM{body='null', contextPath='/', headers={Accept-Encoding=[gzip], Connection=[Keep-Alive], Content-Length=[11], Content-Type=[plain/text; charset=utf-8], contrast-mq-name=[-00000-SpringWebFluxIT.it_tests_sources_V5], cookie=[cookie=cookieVal], header=[headerVal], Host=[localhost:35728], User-Agent=[okhttp/4.9.1]}, method='POST', standardNormalizedUri='/sources/v5_0/requestHeader', parameters={requestParam=[foo]}, port=8080, protocol=http, queryString='requestParam=foo', serverVersionInfo='null', uri='/sources/v5_0/requestHeader', version=HTTP/1.1}, properties={data={"baseUriSecure":false,"defaultSrcSecure":false,"childSrcSecure":false,"connectSrcSecure":false,"frameSrcSecure":false,"mediaSrcSecure":false,"objectSrcSecure":false,"scriptSrcSecure":false,"styleSrcSecure":false,"formActionSecure":false,"frameAncestorsSecure":false}, entrypointType=HTTP, entrypointSignature=com.contrastsecurity.testapp.v5.PolicyController$SourceEndpoints.header(java.lang.String)}, events=[]}
VulnerabilityDTM{hash=3386091394, ruleId='csp-header-missing', evidence='null', request=HttpRequestDTM{body='null', contextPath='/', headers={Accept-Encoding=[gzip], Connection=[Keep-Alive], Content-Length=[11], Content-Type=[plain/text; charset=utf-8], contrast-mq-name=[-00000-SpringWebFluxIT.it_tests_sources_V5], cookie=[cookie=cookieVal], header=[headerVal], Host=[localhost:35728], User-Agent=[okhttp/4.9.1]}, method='POST', standardNormalizedUri='/sources/v5_0/requestHeader', parameters={requestParam=[foo]}, port=8080, protocol=http, queryString='requestParam=foo', serverVersionInfo='null', uri='/sources/v5_0/requestHeader', version=HTTP/1.1}, properties={data=, entrypointType=HTTP, entrypointSignature=com.contrastsecurity.testapp.v5.PolicyController$SourceEndpoints.header(java.lang.String)}, events=[]}
VulnerabilityDTM{hash=2361740544, ruleId='hsts-header-missing', evidence='null', request=HttpRequestDTM{body='null', contextPath='/', headers={Accept-Encoding=[gzip], Connection=[Keep-Alive], Content-Length=[11], Content-Type=[plain/text; charset=utf-8], contrast-mq-name=[-00000-SpringWebFluxIT.it_tests_sources_V5], cookie=[cookie=cookieVal], header=[headerVal], Host=[localhost:35728], User-Agent=[okhttp/4.9.1]}, method='POST', standardNormalizedUri='/sources/v5_0/requestHeader', parameters={requestParam=[foo]}, port=8080, protocol=http, queryString='requestParam=foo', serverVersionInfo='null', uri='/sources/v5_0/requestHeader', version=HTTP/1.1}, properties={data=-1, entrypointType=HTTP, entrypointSignature=com.contrastsecurity.testapp.v5.PolicyController$SourceEndpoints.header(java.lang.String)}, events=[]}
VulnerabilityDTM{hash=372694845, ruleId='xcontenttype-header-missing', evidence='null', request=HttpRequestDTM{body='null', contextPath='/', headers={Accept-Encoding=[gzip], Connection=[Keep-Alive], Content-Length=[11], Content-Type=[plain/text; charset=utf-8], contrast-mq-name=[-00000-SpringWebFluxIT.it_tests_sources_V5], cookie=[cookie=cookieVal], header=[headerVal], Host=[localhost:35728], User-Agent=[okhttp/4.9.1]}, method='POST', standardNormalizedUri='/sources/v5_0/requestHeader', parameters={requestParam=[foo]}, port=8080, protocol=http, queryString='requestParam=foo', serverVersionInfo='null', uri='/sources/v5_0/requestHeader', version=HTTP/1.1}, properties={data=, entrypointType=HTTP, entrypointSignature=com.contrastsecurity.testapp.v5.PolicyController$SourceEndpoints.header(java.lang.String)}, events=[]}

{acceptance-test-lifecycle:start=container-health-check}
{acceptance-test-lifecycle:end=container-health-check}
{acceptance-test-lifecycle:start=pull-image}
{acceptance-test-lifecycle:end=pull-image}
{acceptance-test-lifecycle:end=stop-container}
{acceptance-test-lifecycle:start=stop-container}
{acceptance-test-lifecycle:start=run-tests}
{acceptance-test-lifecycle:start=start-container}
{prominent=Test Image 575653897988.dkr.ecr.us-east-1.amazonaws.com/contrast/spring-webflux-5:2.1.18.RELEASE-rev13}
{value=Test application ready container-id=ec415fc71f7d197deaac74f96496b4c9c8d1ae5180031b20923e79888ddd3bf4}
{acceptance-test-lifecycle:start=acquire-semaphore}
{acceptance-test-lifecycle:end=acquire-semaphore}
{prominent=Logs viewable at /home/ec2-user/actions-runner/_work/java-agent/java-agent/acceptance-tests/build/reports/container-logs/com.contrastsecurity.agent.test.assess.spring.async.SpringWebFluxIT_V5_1-20241011T192927.728/SpringWebFluxIT_V5_1-20241011T192927.728-ec415fc71f7d.out, /home/ec2-user/actions-runner/_work/java-agent/java-agent/acceptance-tests/build/reports/container-logs/com.contrastsecurity.agent.test.assess.spring.async.SpringWebFluxIT_V5_1-20241011T192927.728/SpringWebFluxIT_V5_1-20241011T192927.728-ec415fc71f7d.err}
{acceptance-test-lifecycle:end=start-container}
{acceptance-test-lifecycle:end=run-tests}
]]></system-out>
<system-err><![CDATA[

]]></system-err>
<vulnerability-findings></vulnerability-findings></testcase>
<testcase name="it_tests_sources_V5(String, MethodDescriptor, TagRanges, RequestBodyType, MQConsumer, HTTPEndpoint, OkHttpClient)[2]" classname="com.contrastsecurity.agent.test.assess.spring.async.SpringWebFluxIT$V5_1" time="15.21">
<classifications><classification implementation="spring-webflux-5.1.19.RELEASE" use-case="Assess - Dataflow - HTTP Sources" stack="Spring Boot 2.1" contrast-agent-version="6.10.1.126" unique-id="[engine:junit-jupiter]/[class:com.contrastsecurity.agent.test.assess.spring.async.SpringWebFluxIT$V5_1]/[test-template:it_tests_sources_V5(java.lang.String, com.contrastsecurity.agent.test.assertions.MethodDescriptor, com.contrastsecurity.agent.test.assertions.TagRanges, com.contrastsecurity.agent.test.assess.spring.async.SpringWebFluxIT$RequestBodyType, com.contrastsecurity.agent.test.junit.containers.MQConsumer, com.contrastsecurity.agent.test.junit.containers.HTTPEndpoint, okhttp3.OkHttpClient)]/[test-template-invocation:#2]"/></classifications>
<system-out><![CDATA[
unique-id: [engine:junit-jupiter]/[class:com.contrastsecurity.agent.test.assess.spring.async.SpringWebFluxIT$V5_1]/[test-template:it_tests_sources_V5(java.lang.String, com.contrastsecurity.agent.test.assertions.MethodDescriptor, com.contrastsecurity.agent.test.assertions.TagRanges, com.contrastsecurity.agent.test.assess.spring.async.SpringWebFluxIT$RequestBodyType, com.contrastsecurity.agent.test.junit.containers.MQConsumer, com.contrastsecurity.agent.test.junit.containers.HTTPEndpoint, okhttp3.OkHttpClient)]/[test-template-invocation:#2]
display-name: [2] requestParam, MethodDescriptor{anyArgs=false, isLambda=false, isProxy=false, classNames=[io.netty.handler.codec.http.DefaultHttpRequest], methodName=uri, argTypes=[]}, 0:3, PLAIN
Report Entry #1 (timestamp: 2024-10-11T19:29:53.595439032)
	- classification-use-case: Assess - Dataflow - HTTP Sources
Report Entry #2 (timestamp: 2024-10-11T19:29:53.597628229)
	- java-agent-version: 6.10.1.126
Report Entry #3 (timestamp: 2024-10-11T19:29:53.598898365)
	- classification-implementation: spring-webflux-5.1.19.RELEASE
Report Entry #4 (timestamp: 2024-10-11T19:29:53.599935324)
	- classification-stack: Spring Boot 2.1
Found vulnerabilities:
VulnerabilityDTM{hash=2139706047, ruleId='path-traversal', evidence='null', request=HttpRequestDTM{body='null', contextPath='/', headers={Accept-Encoding=[gzip], Connection=[Keep-Alive], Content-Length=[11], Content-Type=[plain/text; charset=utf-8], contrast-mq-name=[-00001-SpringWebFluxIT.it_tests_sources_V5], cookie=[cookie=cookieVal], header=[headerVal], Host=[localhost:35728], User-Agent=[okhttp/4.9.1]}, method='POST', standardNormalizedUri='/sources/v5_0/requestParam', parameters={requestParam=[foo]}, port=8080, protocol=http, queryString='requestParam=foo', serverVersionInfo='null', uri='/sources/v5_0/requestParam', version=HTTP/1.1}, properties={entrypointType=HTTP, entrypointSignature=com.contrastsecurity.testapp.v5.PolicyController$SourceEndpoints.requestParam(java.lang.String)}, events=[
	--> EventDTM{action=CREATION, type=PROPAGATION, tags=untrusted, taintRanges=[EventTaintRangeDTM{tag=untrusted, range='0:15'}], signature=EventSignatureDTM{returnType='java.lang.String', className='io.netty.handler.codec.http.DefaultHttpHeaders', methodName='get', argTypes=[java.lang.CharSequence]}}, 
	--> EventDTM{action=O2R, type=PROPAGATION, tags=untrusted, taintRanges=[EventTaintRangeDTM{tag=untrusted, range='0:9'}], signature=EventSignatureDTM{returnType='java.lang.String', className='java.lang.String', methodName='substring', argTypes=[int, int]}}, 
	--> EventDTM{action=P2O, type=PROPAGATION, tags=untrusted, taintRanges=[EventTaintRangeDTM{tag=untrusted, range='7:16'}], signature=EventSignatureDTM{returnType='java.lang.StringBuilder', className='java.lang.StringBuilder', methodName='append', argTypes=[java.lang.String]}}, 
	--> EventDTM{action=O2R, type=PROPAGATION, tags=untrusted, taintRanges=[EventTaintRangeDTM{tag=untrusted, range='7:16'}], signature=EventSignatureDTM{returnType='java.lang.String', className='java.lang.StringBuilder', methodName='toString', argTypes=[]}}, 
	--> EventDTM{action=P2O, type=PROPAGATION, tags=untrusted, taintRanges=[EventTaintRangeDTM{tag=untrusted, range='7:16'}], signature=EventSignatureDTM{returnType='java.lang.StringBuilder', className='java.lang.StringBuilder', methodName='append', argTypes=[java.lang.String]}}, 
	--> EventDTM{action=CREATION, type=PROPAGATION, tags=untrusted,cross-site,url-encoded, taintRanges=[EventTaintRangeDTM{tag=cross-site, range='0:43'}, EventTaintRangeDTM{tag=untrusted, range='0:43'}, EventTaintRangeDTM{tag=url-encoded, range='0:43'}], signature=EventSignatureDTM{returnType='java.lang.String', className='io.netty.handler.codec.http.DefaultHttpRequest', methodName='uri', argTypes=[]}}, 
	--> EventDTM{action=P2O, type=PROPAGATION, tags=untrusted,cross-site,url-encoded, taintRanges=[EventTaintRangeDTM{tag=cross-site, range='22:65'}, EventTaintRangeDTM{tag=untrusted, range='22:65,7:16'}, EventTaintRangeDTM{tag=url-encoded, range='22:65'}], signature=EventSignatureDTM{returnType='java.lang.StringBuilder', className='java.lang.StringBuilder', methodName='append', argTypes=[java.lang.String]}}, 
	--> EventDTM{action=O2R, type=PROPAGATION, tags=untrusted,cross-site,url-encoded, taintRanges=[EventTaintRangeDTM{tag=cross-site, range='22:65'}, EventTaintRangeDTM{tag=untrusted, range='22:65,7:16'}, EventTaintRangeDTM{tag=url-encoded, range='22:65'}], signature=EventSignatureDTM{returnType='java.lang.String', className='java.lang.StringBuilder', methodName='toString', argTypes=[]}}, 
	--> EventDTM{action=O2R, type=PROPAGATION, tags=untrusted,cross-site,url-encoded, taintRanges=[EventTaintRangeDTM{tag=cross-site, range='0:16'}, EventTaintRangeDTM{tag=untrusted, range='0:16'}, EventTaintRangeDTM{tag=url-encoded, range='0:16'}], signature=EventSignatureDTM{returnType='java.lang.String', className='java.lang.String', methodName='substring', argTypes=[int, int]}}, 
	--> EventDTM{action=TAG, type=TAG, tags=untrusted,compared,cross-site,url-encoded,validated, taintRanges=[EventTaintRangeDTM{tag=compared, range='0:16'}, EventTaintRangeDTM{tag=cross-site, range='0:16'}, EventTaintRangeDTM{tag=untrusted, range='0:16'}, EventTaintRangeDTM{tag=url-encoded, range='0:16'}, EventTaintRangeDTM{tag=validated, range='0:16'}], signature=EventSignatureDTM{returnType='java.util.regex.Matcher', className='java.util.regex.Pattern', methodName='matcher', argTypes=[java.lang.CharSequence]}}, 
	--> EventDTM{action=O2R, type=PROPAGATION, tags=untrusted,compared,cross-site,url-encoded,validated, taintRanges=[EventTaintRangeDTM{tag=compared, range='0:3'}, EventTaintRangeDTM{tag=cross-site, range='0:3'}, EventTaintRangeDTM{tag=untrusted, range='0:3'}, EventTaintRangeDTM{tag=url-encoded, range='0:3'}, EventTaintRangeDTM{tag=validated, range='0:3'}], signature=EventSignatureDTM{returnType='java.lang.String', className='java.lang.String', methodName='substring', argTypes=[int, int]}}, 
	--> EventDTM{action=P2R, type=PROPAGATION, tags=untrusted,compared,cross-site,url-decoded,validated, taintRanges=[EventTaintRangeDTM{tag=compared, range='0:3'}, EventTaintRangeDTM{tag=url-decoded, range='0:3'}, EventTaintRangeDTM{tag=cross-site, range='0:3'}, EventTaintRangeDTM{tag=untrusted, range='0:3'}, EventTaintRangeDTM{tag=validated, range='0:3'}], signature=EventSignatureDTM{returnType='java.lang.String', className='java.net.URLDecoder', methodName='decode', argTypes=[java.lang.String, java.lang.String]}}, 
	--> EventDTM{action=TRIGGER, type=METHOD, tags=, taintRanges=[EventTaintRangeDTM{tag=compared, range='0:3'}, EventTaintRangeDTM{tag=url-decoded, range='0:3'}, EventTaintRangeDTM{tag=cross-site, range='0:3'}, EventTaintRangeDTM{tag=untrusted, range='0:3'}, EventTaintRangeDTM{tag=validated, range='0:3'}], signature=EventSignatureDTM{returnType='void', className='java.io.File', methodName='<init>', argTypes=[java.lang.String]}}]}
VulnerabilityDTM{hash=1791727848, ruleId='cache-controls-missing', evidence='null', request=HttpRequestDTM{body='null', contextPath='/', headers={Accept-Encoding=[gzip], Connection=[Keep-Alive], Content-Length=[11], Content-Type=[plain/text; charset=utf-8], contrast-mq-name=[-00001-SpringWebFluxIT.it_tests_sources_V5], cookie=[cookie=cookieVal], header=[headerVal], Host=[localhost:35728], User-Agent=[okhttp/4.9.1]}, method='POST', standardNormalizedUri='/sources/v5_0/requestParam', parameters={requestParam=[foo]}, port=8080, protocol=http, queryString='requestParam=foo', serverVersionInfo='null', uri='/sources/v5_0/requestParam', version=HTTP/1.1}, properties={data=[], entrypointType=HTTP, entrypointSignature=com.contrastsecurity.testapp.v5.PolicyController$SourceEndpoints.requestParam(java.lang.String)}, events=[]}
VulnerabilityDTM{hash=4258613986, ruleId='clickjacking-control-missing', evidence='null', request=HttpRequestDTM{body='null', contextPath='/', headers={Accept-Encoding=[gzip], Connection=[Keep-Alive], Content-Length=[11], Content-Type=[plain/text; charset=utf-8], contrast-mq-name=[-00001-SpringWebFluxIT.it_tests_sources_V5], cookie=[cookie=cookieVal], header=[headerVal], Host=[localhost:35728], User-Agent=[okhttp/4.9.1]}, method='POST', standardNormalizedUri='/sources/v5_0/requestParam', parameters={requestParam=[foo]}, port=8080, protocol=http, queryString='requestParam=foo', serverVersionInfo='null', uri='/sources/v5_0/requestParam', version=HTTP/1.1}, properties={data=, entrypointType=HTTP, entrypointSignature=com.contrastsecurity.testapp.v5.PolicyController$SourceEndpoints.requestParam(java.lang.String)}, events=[]}
VulnerabilityDTM{hash=2736934670, ruleId='csp-header-insecure', evidence='null', request=HttpRequestDTM{body='null', contextPath='/', headers={Accept-Encoding=[gzip], Connection=[Keep-Alive], Content-Length=[11], Content-Type=[plain/text; charset=utf-8], contrast-mq-name=[-00001-SpringWebFluxIT.it_tests_sources_V5], cookie=[cookie=cookieVal], header=[headerVal], Host=[localhost:35728], User-Agent=[okhttp/4.9.1]}, method='POST', standardNormalizedUri='/sources/v5_0/requestParam', parameters={requestParam=[foo]}, port=8080, protocol=http, queryString='requestParam=foo', serverVersionInfo='null', uri='/sources/v5_0/requestParam', version=HTTP/1.1}, properties={data={"baseUriSecure":false,"defaultSrcSecure":false,"childSrcSecure":false,"connectSrcSecure":false,"frameSrcSecure":false,"mediaSrcSecure":false,"objectSrcSecure":false,"scriptSrcSecure":false,"styleSrcSecure":false,"formActionSecure":false,"frameAncestorsSecure":false}, entrypointType=HTTP, entrypointSignature=com.contrastsecurity.testapp.v5.PolicyController$SourceEndpoints.requestParam(java.lang.String)}, events=[]}
VulnerabilityDTM{hash=1134874836, ruleId='csp-header-missing', evidence='null', request=HttpRequestDTM{body='null', contextPath='/', headers={Accept-Encoding=[gzip], Connection=[Keep-Alive], Content-Length=[11], Content-Type=[plain/text; charset=utf-8], contrast-mq-name=[-00001-SpringWebFluxIT.it_tests_sources_V5], cookie=[cookie=cookieVal], header=[headerVal], Host=[localhost:35728], User-Agent=[okhttp/4.9.1]}, method='POST', standardNormalizedUri='/sources/v5_0/requestParam', parameters={requestParam=[foo]}, port=8080, protocol=http, queryString='requestParam=foo', serverVersionInfo='null', uri='/sources/v5_0/requestParam', version=HTTP/1.1}, properties={data=, entrypointType=HTTP, entrypointSignature=com.contrastsecurity.testapp.v5.PolicyController$SourceEndpoints.requestParam(java.lang.String)}, events=[]}
VulnerabilityDTM{hash=1906048273, ruleId='hsts-header-missing', evidence='null', request=HttpRequestDTM{body='null', contextPath='/', headers={Accept-Encoding=[gzip], Connection=[Keep-Alive], Content-Length=[11], Content-Type=[plain/text; charset=utf-8], contrast-mq-name=[-00001-SpringWebFluxIT.it_tests_sources_V5], cookie=[cookie=cookieVal], header=[headerVal], Host=[localhost:35728], User-Agent=[okhttp/4.9.1]}, method='POST', standardNormalizedUri='/sources/v5_0/requestParam', parameters={requestParam=[foo]}, port=8080, protocol=http, queryString='requestParam=foo', serverVersionInfo='null', uri='/sources/v5_0/requestParam', version=HTTP/1.1}, properties={data=-1, entrypointType=HTTP, entrypointSignature=com.contrastsecurity.testapp.v5.PolicyController$SourceEndpoints.requestParam(java.lang.String)}, events=[]}
VulnerabilityDTM{hash=116267389, ruleId='xcontenttype-header-missing', evidence='null', request=HttpRequestDTM{body='null', contextPath='/', headers={Accept-Encoding=[gzip], Connection=[Keep-Alive], Content-Length=[11], Content-Type=[plain/text; charset=utf-8], contrast-mq-name=[-00001-SpringWebFluxIT.it_tests_sources_V5], cookie=[cookie=cookieVal], header=[headerVal], Host=[localhost:35728], User-Agent=[okhttp/4.9.1]}, method='POST', standardNormalizedUri='/sources/v5_0/requestParam', parameters={requestParam=[foo]}, port=8080, protocol=http, queryString='requestParam=foo', serverVersionInfo='null', uri='/sources/v5_0/requestParam', version=HTTP/1.1}, properties={data=, entrypointType=HTTP, entrypointSignature=com.contrastsecurity.testapp.v5.PolicyController$SourceEndpoints.requestParam(java.lang.String)}, events=[]}

{acceptance-test-lifecycle:start=container-health-check}
{acceptance-test-lifecycle:end=container-health-check}
{acceptance-test-lifecycle:start=pull-image}
{acceptance-test-lifecycle:end=pull-image}
{acceptance-test-lifecycle:end=stop-container}
{acceptance-test-lifecycle:start=stop-container}
{acceptance-test-lifecycle:start=run-tests}
{acceptance-test-lifecycle:start=start-container}
{prominent=Test Image 575653897988.dkr.ecr.us-east-1.amazonaws.com/contrast/spring-webflux-5:2.1.18.RELEASE-rev13}
{value=Test application ready container-id=ec415fc71f7d197deaac74f96496b4c9c8d1ae5180031b20923e79888ddd3bf4}
{acceptance-test-lifecycle:start=acquire-semaphore}
{acceptance-test-lifecycle:end=acquire-semaphore}
{prominent=Logs viewable at /home/ec2-user/actions-runner/_work/java-agent/java-agent/acceptance-tests/build/reports/container-logs/com.contrastsecurity.agent.test.assess.spring.async.SpringWebFluxIT_V5_1-20241011T192927.728/SpringWebFluxIT_V5_1-20241011T192927.728-ec415fc71f7d.out, /home/ec2-user/actions-runner/_work/java-agent/java-agent/acceptance-tests/build/reports/container-logs/com.contrastsecurity.agent.test.assess.spring.async.SpringWebFluxIT_V5_1-20241011T192927.728/SpringWebFluxIT_V5_1-20241011T192927.728-ec415fc71f7d.err}
{acceptance-test-lifecycle:end=start-container}
{acceptance-test-lifecycle:end=run-tests}
]]></system-out>
<system-err><![CDATA[

]]></system-err>
<vulnerability-findings></vulnerability-findings></testcase>
<testcase name="it_tests_sources_V5(String, MethodDescriptor, TagRanges, RequestBodyType, MQConsumer, HTTPEndpoint, OkHttpClient)[3]" classname="com.contrastsecurity.agent.test.assess.spring.async.SpringWebFluxIT$V5_1" time="15.21">
<failure message="
Expecting any element of:
  java.util.stream.ReferencePipeline$15@465596c4
to satisfy the given assertions requirements but none did:

" type="java.lang.AssertionError"><![CDATA[Logs viewable at /home/ec2-user/actions-runner/_work/java-agent/java-agent/acceptance-tests/build/reports/container-logs/com.contrastsecurity.agent.test.assess.spring.async.SpringWebFluxIT_V5_1-20241011T192927.728/SpringWebFluxIT_V5_1-20241011T192927.728-ec415fc71f7d.out, /home/ec2-user/actions-runner/_work/java-agent/java-agent/acceptance-tests/build/reports/container-logs/com.contrastsecurity.agent.test.assess.spring.async.SpringWebFluxIT_V5_1-20241011T192927.728/SpringWebFluxIT_V5_1-20241011T192927.728-ec415fc71f7d.err
Test Image 575653897988.dkr.ecr.us-east-1.amazonaws.com/contrast/spring-webflux-5:2.1.18.RELEASE-rev13
😳 This test has known reliability issues and we're working on it - see https://contrast.atlassian.net/browse/JAVA-6895

java.lang.AssertionError: 
Expecting any element of:
  java.util.stream.ReferencePipeline$15@465596c4
to satisfy the given assertions requirements but none did:


	at com.contrastsecurity.agent.test.assess.spring.async.SpringWebFluxIT.doSourceTest(SpringWebFluxIT.java:354)
	at com.contrastsecurity.agent.test.assess.spring.async.SpringWebFluxIT.it_tests_sources_V5(SpringWebFluxIT.java:206)
	at java.base/jdk.internal.reflect.NativeMethodAccessorImpl.invoke0(Native Method)
	at java.base/jdk.internal.reflect.NativeMethodAccessorImpl.invoke(NativeMethodAccessorImpl.java:77)
	at java.base/jdk.internal.reflect.DelegatingMethodAccessorImpl.invoke(DelegatingMethodAccessorImpl.java:43)
	at java.base/java.lang.reflect.Method.invoke(Method.java:569)
	at org.junit.platform.commons.util.ReflectionUtils.invokeMethod(ReflectionUtils.java:727)
	at org.junit.jupiter.engine.execution.MethodInvocation.proceed(MethodInvocation.java:60)
	at org.junit.jupiter.engine.execution.InvocationInterceptorChain$ValidatingInvocation.proceed(InvocationInterceptorChain.java:131)
	at org.junit.jupiter.engine.extension.TimeoutExtension.intercept(TimeoutExtension.java:156)
	at org.junit.jupiter.engine.extension.TimeoutExtension.interceptTestableMethod(TimeoutExtension.java:147)
	at org.junit.jupiter.engine.extension.TimeoutExtension.interceptTestTemplateMethod(TimeoutExtension.java:94)
	at org.junit.jupiter.engine.execution.InterceptingExecutableInvoker$ReflectiveInterceptorCall.lambda$ofVoidMethod$0(InterceptingExecutableInvoker.java:103)
	at org.junit.jupiter.engine.execution.InterceptingExecutableInvoker.lambda$invoke$0(InterceptingExecutableInvoker.java:93)
	at org.junit.jupiter.engine.execution.InvocationInterceptorChain$InterceptedInvocation.proceed(InvocationInterceptorChain.java:106)
	at org.junit.jupiter.engine.execution.InvocationInterceptorChain.proceed(InvocationInterceptorChain.java:64)
	at org.junit.jupiter.engine.execution.InvocationInterceptorChain.chainAndInvoke(InvocationInterceptorChain.java:45)
	at org.junit.jupiter.engine.execution.InvocationInterceptorChain.invoke(InvocationInterceptorChain.java:37)
	at org.junit.jupiter.engine.execution.InterceptingExecutableInvoker.invoke(InterceptingExecutableInvoker.java:92)
	at org.junit.jupiter.engine.execution.InterceptingExecutableInvoker.invoke(InterceptingExecutableInvoker.java:86)
	at org.junit.jupiter.engine.descriptor.TestMethodTestDescriptor.lambda$invokeTestMethod$7(TestMethodTestDescriptor.java:217)
	at org.junit.platform.engine.support.hierarchical.ThrowableCollector.execute(ThrowableCollector.java:73)
	at org.junit.jupiter.engine.descriptor.TestMethodTestDescriptor.invokeTestMethod(TestMethodTestDescriptor.java:213)
	at org.junit.jupiter.engine.descriptor.TestMethodTestDescriptor.execute(TestMethodTestDescriptor.java:138)
	at org.junit.jupiter.engine.descriptor.TestMethodTestDescriptor.execute(TestMethodTestDescriptor.java:68)
	at org.junit.platform.engine.support.hierarchical.NodeTestTask.lambda$executeRecursively$6(NodeTestTask.java:151)
	at org.junit.platform.engine.support.hierarchical.ThrowableCollector.execute(ThrowableCollector.java:73)
	at org.junit.platform.engine.support.hierarchical.NodeTestTask.lambda$executeRecursively$8(NodeTestTask.java:141)
	at org.junit.platform.engine.support.hierarchical.Node.around(Node.java:137)
	at org.junit.platform.engine.support.hierarchical.NodeTestTask.lambda$executeRecursively$9(NodeTestTask.java:139)
	at org.junit.platform.engine.support.hierarchical.ThrowableCollector.execute(ThrowableCollector.java:73)
	at org.junit.platform.engine.support.hierarchical.NodeTestTask.executeRecursively(NodeTestTask.java:138)
	at org.junit.platform.engine.support.hierarchical.NodeTestTask.execute(NodeTestTask.java:95)
	at org.junit.platform.engine.support.hierarchical.ForkJoinPoolHierarchicalTestExecutorService$ExclusiveTask.compute(ForkJoinPoolHierarchicalTestExecutorService.java:185)
	at java.base/java.util.concurrent.RecursiveAction.exec(RecursiveAction.java:194)
	at java.base/java.util.concurrent.ForkJoinTask.doExec(ForkJoinTask.java:373)
	at java.base/java.util.concurrent.ForkJoinPool$WorkQueue.topLevelExec(ForkJoinPool.java:1182)
	at java.base/java.util.concurrent.ForkJoinPool.scan(ForkJoinPool.java:1655)
	at java.base/java.util.concurrent.ForkJoinPool.runWorker(ForkJoinPool.java:1622)
	at java.base/java.util.concurrent.ForkJoinWorkerThread.run(ForkJoinWorkerThread.java:165)
]]></failure>
<classifications><classification implementation="spring-webflux-5.1.19.RELEASE" use-case="Assess - Dataflow - HTTP Sources" stack="Spring Boot 2.1" contrast-agent-version="6.10.1.126" unique-id="[engine:junit-jupiter]/[class:com.contrastsecurity.agent.test.assess.spring.async.SpringWebFluxIT$V5_1]/[test-template:it_tests_sources_V5(java.lang.String, com.contrastsecurity.agent.test.assertions.MethodDescriptor, com.contrastsecurity.agent.test.assertions.TagRanges, com.contrastsecurity.agent.test.assess.spring.async.SpringWebFluxIT$RequestBodyType, com.contrastsecurity.agent.test.junit.containers.MQConsumer, com.contrastsecurity.agent.test.junit.containers.HTTPEndpoint, okhttp3.OkHttpClient)]/[test-template-invocation:#3]"/></classifications>
<system-out><![CDATA[
unique-id: [engine:junit-jupiter]/[class:com.contrastsecurity.agent.test.assess.spring.async.SpringWebFluxIT$V5_1]/[test-template:it_tests_sources_V5(java.lang.String, com.contrastsecurity.agent.test.assertions.MethodDescriptor, com.contrastsecurity.agent.test.assertions.TagRanges, com.contrastsecurity.agent.test.assess.spring.async.SpringWebFluxIT$RequestBodyType, com.contrastsecurity.agent.test.junit.containers.MQConsumer, com.contrastsecurity.agent.test.junit.containers.HTTPEndpoint, okhttp3.OkHttpClient)]/[test-template-invocation:#3]
display-name: [3] cookieValue, MethodDescriptor{anyArgs=false, isLambda=false, isProxy=false, classNames=[io.netty.handler.codec.http.DefaultHttpHeaders], methodName=getAll, argTypes=[java.lang.CharSequence]}, 0:9, PLAIN
Report Entry #1 (timestamp: 2024-10-11T19:29:53.595430865)
	- classification-use-case: Assess - Dataflow - HTTP Sources
Report Entry #2 (timestamp: 2024-10-11T19:29:53.597603463)
	- prominent: 😳 This test has known reliability issues and we're working on it - see https://contrast.atlassian.net/browse/JAVA-6895
Report Entry #3 (timestamp: 2024-10-11T19:29:53.598289591)
	- java-agent-version: 6.10.1.126
Report Entry #4 (timestamp: 2024-10-11T19:29:53.598894522)
	- classification-implementation: spring-webflux-5.1.19.RELEASE
Report Entry #5 (timestamp: 2024-10-11T19:29:53.600002587)
	- classification-stack: Spring Boot 2.1
Found vulnerabilities:

{acceptance-test-lifecycle:start=container-health-check}
{acceptance-test-lifecycle:end=container-health-check}
{acceptance-test-lifecycle:start=pull-image}
{acceptance-test-lifecycle:end=pull-image}
{acceptance-test-lifecycle:end=stop-container}
{acceptance-test-lifecycle:start=stop-container}
{acceptance-test-lifecycle:start=run-tests}
{acceptance-test-lifecycle:start=start-container}
{prominent=Test Image 575653897988.dkr.ecr.us-east-1.amazonaws.com/contrast/spring-webflux-5:2.1.18.RELEASE-rev13}
{value=Test application ready container-id=ec415fc71f7d197deaac74f96496b4c9c8d1ae5180031b20923e79888ddd3bf4}
{acceptance-test-lifecycle:start=acquire-semaphore}
{acceptance-test-lifecycle:end=acquire-semaphore}
{prominent=Logs viewable at /home/ec2-user/actions-runner/_work/java-agent/java-agent/acceptance-tests/build/reports/container-logs/com.contrastsecurity.agent.test.assess.spring.async.SpringWebFluxIT_V5_1-20241011T192927.728/SpringWebFluxIT_V5_1-20241011T192927.728-ec415fc71f7d.out, /home/ec2-user/actions-runner/_work/java-agent/java-agent/acceptance-tests/build/reports/container-logs/com.contrastsecurity.agent.test.assess.spring.async.SpringWebFluxIT_V5_1-20241011T192927.728/SpringWebFluxIT_V5_1-20241011T192927.728-ec415fc71f7d.err}
{acceptance-test-lifecycle:end=start-container}
{acceptance-test-lifecycle:end=run-tests}
]]></system-out>
<system-err><![CDATA[

]]></system-err>
<vulnerability-findings></vulnerability-findings></testcase>
<system-out><![CDATA[
unique-id: [engine:junit-jupiter]
display-name: JUnit Jupiter
]]></system-out>
</testsuite>
